c:\github\datastructure_2020_1\vsproject\project1\project1\debug\vc142.pdb
c:\github\datastructure_2020_1\vsproject\project1\project1\debug\vc142.idb
c:\github\datastructure_2020_1\vsproject\project1\project1\debug\postfixdriver.obj
c:\github\datastructure_2020_1\vsproject\project1\project1\debug\postfix.obj
c:\github\datastructure_2020_1\vsproject\project1\project1\debug\listdbldriver.obj
c:\github\datastructure_2020_1\vsproject\project1\project1\debug\listdbl.obj
c:\github\datastructure_2020_1\vsproject\project1\project1\debug\quicksort.obj
c:\github\datastructure_2020_1\vsproject\project1\project1\debug\listsort.obj
c:\github\datastructure_2020_1\vsproject\project1\debug\project1.exe
c:\github\datastructure_2020_1\vsproject\project1\debug\project1.ilk
c:\github\datastructure_2020_1\vsproject\project1\debug\project1.pdb
c:\github\datastructure_2020_1\vsproject\project1\project1\debug\project1.tlog\cl.command.1.tlog
c:\github\datastructure_2020_1\vsproject\project1\project1\debug\project1.tlog\cl.read.1.tlog
c:\github\datastructure_2020_1\vsproject\project1\project1\debug\project1.tlog\cl.write.1.tlog
c:\github\datastructure_2020_1\vsproject\project1\project1\debug\project1.tlog\link.12152-cvtres.read.1.tlog
c:\github\datastructure_2020_1\vsproject\project1\project1\debug\project1.tlog\link.12152-cvtres.write.1.tlog
c:\github\datastructure_2020_1\vsproject\project1\project1\debug\project1.tlog\link.12152-rc.read.1.tlog
c:\github\datastructure_2020_1\vsproject\project1\project1\debug\project1.tlog\link.12152-rc.write.1.tlog
c:\github\datastructure_2020_1\vsproject\project1\project1\debug\project1.tlog\link.12152.read.1.tlog
c:\github\datastructure_2020_1\vsproject\project1\project1\debug\project1.tlog\link.12152.write.1.tlog
c:\github\datastructure_2020_1\vsproject\project1\project1\debug\project1.tlog\link.command.1.tlog
c:\github\datastructure_2020_1\vsproject\project1\project1\debug\project1.tlog\link.read.1.tlog
c:\github\datastructure_2020_1\vsproject\project1\project1\debug\project1.tlog\link.write.1.tlog
